<?xml version="1.0" encoding="UTF-8"?>
<!-- Generated by org.testng.reporters.JUnitXMLReporter -->
<testsuite ignored="1" hostname="Mamta_Gupta" failures="0" tests="1" name="Default test" time="18.888" errors="0" timestamp="2022-10-31T21:50:31 IST">
  <testcase classname="CheckBoxAndRadio" name="checkBoxClick" time="18.791"/>
  <testcase classname="CheckBoxAndRadio" name="radioButtonClick" time="0.0">
    <ignored/>
  </testcase> <!-- radioButtonClick -->
</testsuite> <!-- Default test -->
