<?xml version="1.0" encoding="UTF-8"?>
<testng-results ignored="1" total="2" passed="1" failed="0" skipped="0">
  <reporter-output>
  </reporter-output>
  <suite started-at="2022-10-31T21:50:12 IST" name="Default suite" finished-at="2022-10-31T21:50:31 IST" duration-ms="18888">
    <groups>
    </groups>
    <test started-at="2022-10-31T21:50:12 IST" name="Default test" finished-at="2022-10-31T21:50:31 IST" duration-ms="18888">
      <class name="CheckBoxAndRadio">
        <test-method signature="checkBoxClick()[pri:0, instance:CheckBoxAndRadio@6bd61f98]" started-at="2022-10-31T21:50:12 IST" name="checkBoxClick" finished-at="2022-10-31T21:50:31 IST" duration-ms="18791" status="PASS">
          <reporter-output>
          </reporter-output>
        </test-method> <!-- checkBoxClick -->
      </class> <!-- CheckBoxAndRadio -->
    </test> <!-- Default test -->
  </suite> <!-- Default suite -->
</testng-results>
